[2020-05-09 04:30:40] laravel.EMERGENCY: Unable to create configured logger. Using emergency logger. {"exception":"[object] (InvalidArgumentException(code: 0): Log [] is not defined. at D:\\Branches\\Testing-Multi-Database\\portforio-api\\api-workspace\\vendor\\laravel\\framework\\src\\Illuminate\\Log\\LogManager.php:175)
[stacktrace]
#0 D:\\Branches\\Testing-Multi-Database\\portforio-api\\api-workspace\\vendor\\laravel\\framework\\src\\Illuminate\\Log\\LogManager.php(109): Illuminate\\Log\\LogManager->resolve(NULL)
#1 D:\\Branches\\Testing-Multi-Database\\portforio-api\\api-workspace\\vendor\\laravel\\framework\\src\\Illuminate\\Log\\LogManager.php(97): Illuminate\\Log\\LogManager->get(NULL)
#2 D:\\Branches\\Testing-Multi-Database\\portforio-api\\api-workspace\\vendor\\laravel\\framework\\src\\Illuminate\\Log\\LogManager.php(507): Illuminate\\Log\\LogManager->driver()
#3 D:\\Branches\\Testing-Multi-Database\\portforio-api\\api-workspace\\vendor\\laravel\\framework\\src\\Illuminate\\Foundation\\Exceptions\\Handler.php(118): Illuminate\\Log\\LogManager->error('file_put_conten...', Array)
#4 D:\\Branches\\Testing-Multi-Database\\portforio-api\\api-workspace\\app\\Exceptions\\Handler.php(46): Illuminate\\Foundation\\Exceptions\\Handler->report(Object(ErrorException))
#5 D:\\Branches\\Testing-Multi-Database\\portforio-api\\api-workspace\\vendor\\laravel\\framework\\src\\Illuminate\\Routing\\Pipeline.php(49): App\\Exceptions\\Handler->report(Object(ErrorException))
#6 D:\\Branches\\Testing-Multi-Database\\portforio-api\\api-workspace\\vendor\\laravel\\framework\\src\\Illuminate\\Pipeline\\Pipeline.php(176): Illuminate\\Routing\\Pipeline->handleException(Object(Illuminate\\Http\\Request), Object(ErrorException))
#7 D:\\Branches\\Testing-Multi-Database\\portforio-api\\api-workspace\\vendor\\laravel\\framework\\src\\Illuminate\\Routing\\Middleware\\SubstituteBindings.php(41): Illuminate\\Pipeline\\Pipeline->Illuminate\\Pipeline\\{closure}(Object(Illuminate\\Http\\Request))
#8 D:\\Branches\\Testing-Multi-Database\\portforio-api\\api-workspace\\vendor\\laravel\\framework\\src\\Illuminate\\Pipeline\\Pipeline.php(171): Illuminate\\Routing\\Middleware\\SubstituteBindings->handle(Object(Illuminate\\Http\\Request), Object(Closure))
#9 D:\\Branches\\Testing-Multi-Database\\portforio-api\\api-workspace\\vendor\\laravel\\framework\\src\\Illuminate\\Auth\\Middleware\\Authenticate.php(43): Illuminate\\Pipeline\\Pipeline->Illuminate\\Pipeline\\{closure}(Object(Illuminate\\Http\\Request))
#10 D:\\Branches\\Testing-Multi-Database\\portforio-api\\api-workspace\\vendor\\laravel\\framework\\src\\Illuminate\\Pipeline\\Pipeline.php(171): Illuminate\\Auth\\Middleware\\Authenticate->handle(Object(Illuminate\\Http\\Request), Object(Closure), 'api')
#11 D:\\Branches\\Testing-Multi-Database\\portforio-api\\api-workspace\\vendor\\laravel\\framework\\src\\Illuminate\\Foundation\\Http\\Middleware\\VerifyCsrfToken.php(76): Illuminate\\Pipeline\\Pipeline->Illuminate\\Pipeline\\{closure}(Object(Illuminate\\Http\\Request))
#12 D:\\Branches\\Testing-Multi-Database\\portforio-api\\api-workspace\\vendor\\laravel\\framework\\src\\Illuminate\\Pipeline\\Pipeline.php(171): Illuminate\\Foundation\\Http\\Middleware\\VerifyCsrfToken->handle(Object(Illuminate\\Http\\Request), Object(Closure))
#13 D:\\Branches\\Testing-Multi-Database\\portforio-api\\api-workspace\\vendor\\laravel\\framework\\src\\Illuminate\\View\\Middleware\\ShareErrorsFromSession.php(49): Illuminate\\Pipeline\\Pipeline->Illuminate\\Pipeline\\{closure}(Object(Illuminate\\Http\\Request))
#14 D:\\Branches\\Testing-Multi-Database\\portforio-api\\api-workspace\\vendor\\laravel\\framework\\src\\Illuminate\\Pipeline\\Pipeline.php(171): Illuminate\\View\\Middleware\\ShareErrorsFromSession->handle(Object(Illuminate\\Http\\Request), Object(Closure))
#15 D:\\Branches\\Testing-Multi-Database\\portforio-api\\api-workspace\\vendor\\laravel\\framework\\src\\Illuminate\\Session\\Middleware\\StartSession.php(56): Illuminate\\Pipeline\\Pipeline->Illuminate\\Pipeline\\{closure}(Object(Illuminate\\Http\\Request))
#16 D:\\Branches\\Testing-Multi-Database\\portforio-api\\api-workspace\\vendor\\laravel\\framework\\src\\Illuminate\\Pipeline\\Pipeline.php(171): Illuminate\\Session\\Middleware\\StartSession->handle(Object(Illuminate\\Http\\Request), Object(Closure))
#17 D:\\Branches\\Testing-Multi-Database\\portforio-api\\api-workspace\\vendor\\laravel\\framework\\src\\Illuminate\\Cookie\\Middleware\\AddQueuedCookiesToResponse.php(37): Illuminate\\Pipeline\\Pipeline->Illuminate\\Pipeline\\{closure}(Object(Illuminate\\Http\\Request))
#18 D:\\Branches\\Testing-Multi-Database\\portforio-api\\api-workspace\\vendor\\laravel\\framework\\src\\Illuminate\\Pipeline\\Pipeline.php(171): Illuminate\\Cookie\\Middleware\\AddQueuedCookiesToResponse->handle(Object(Illuminate\\Http\\Request), Object(Closure))
#19 D:\\Branches\\Testing-Multi-Database\\portforio-api\\api-workspace\\vendor\\laravel\\framework\\src\\Illuminate\\Cookie\\Middleware\\EncryptCookies.php(66): Illuminate\\Pipeline\\Pipeline->Illuminate\\Pipeline\\{closure}(Object(Illuminate\\Http\\Request))
#20 D:\\Branches\\Testing-Multi-Database\\portforio-api\\api-workspace\\vendor\\laravel\\framework\\src\\Illuminate\\Pipeline\\Pipeline.php(171): Illuminate\\Cookie\\Middleware\\EncryptCookies->handle(Object(Illuminate\\Http\\Request), Object(Closure))
#21 D:\\Branches\\Testing-Multi-Database\\portforio-api\\api-workspace\\vendor\\stancl\\tenancy\\src\\Middleware\\PreventAccessFromTenantDomains.php(55): Illuminate\\Pipeline\\Pipeline->Illuminate\\Pipeline\\{closure}(Object(Illuminate\\Http\\Request))
#22 D:\\Branches\\Testing-Multi-Database\\portforio-api\\api-workspace\\vendor\\laravel\\framework\\src\\Illuminate\\Pipeline\\Pipeline.php(171): Stancl\\Tenancy\\Middleware\\PreventAccessFromTenantDomains->handle(Object(Illuminate\\Http\\Request), Object(Closure))
#23 D:\\Branches\\Testing-Multi-Database\\portforio-api\\api-workspace\\vendor\\laravel\\framework\\src\\Illuminate\\Pipeline\\Pipeline.php(105): Illuminate\\Pipeline\\Pipeline->Illuminate\\Pipeline\\{closure}(Object(Illuminate\\Http\\Request))
#24 D:\\Branches\\Testing-Multi-Database\\portforio-api\\api-workspace\\vendor\\laravel\\framework\\src\\Illuminate\\Routing\\Router.php(682): Illuminate\\Pipeline\\Pipeline->then(Object(Closure))
#25 D:\\Branches\\Testing-Multi-Database\\portforio-api\\api-workspace\\vendor\\laravel\\framework\\src\\Illuminate\\Routing\\Router.php(657): Illuminate\\Routing\\Router->runRouteWithinStack(Object(Illuminate\\Routing\\Route), Object(Illuminate\\Http\\Request))
#26 D:\\Branches\\Testing-Multi-Database\\portforio-api\\api-workspace\\vendor\\laravel\\framework\\src\\Illuminate\\Routing\\Router.php(623): Illuminate\\Routing\\Router->runRoute(Object(Illuminate\\Http\\Request), Object(Illuminate\\Routing\\Route))
#27 D:\\Branches\\Testing-Multi-Database\\portforio-api\\api-workspace\\vendor\\laravel\\framework\\src\\Illuminate\\Routing\\Router.php(612): Illuminate\\Routing\\Router->dispatchToRoute(Object(Illuminate\\Http\\Request))
#28 D:\\Branches\\Testing-Multi-Database\\portforio-api\\api-workspace\\vendor\\laravel\\framework\\src\\Illuminate\\Foundation\\Http\\Kernel.php(176): Illuminate\\Routing\\Router->dispatch(Object(Illuminate\\Http\\Request))
#29 D:\\Branches\\Testing-Multi-Database\\portforio-api\\api-workspace\\vendor\\laravel\\framework\\src\\Illuminate\\Pipeline\\Pipeline.php(130): Illuminate\\Foundation\\Http\\Kernel->Illuminate\\Foundation\\Http\\{closure}(Object(Illuminate\\Http\\Request))
#30 D:\\Branches\\Testing-Multi-Database\\portforio-api\\api-workspace\\app\\Http\\Middleware\\Cors.php(19): Illuminate\\Pipeline\\Pipeline->Illuminate\\Pipeline\\{closure}(Object(Illuminate\\Http\\Request))
#31 D:\\Branches\\Testing-Multi-Database\\portforio-api\\api-workspace\\vendor\\laravel\\framework\\src\\Illuminate\\Pipeline\\Pipeline.php(171): App\\Http\\Middleware\\Cors->handle(Object(Illuminate\\Http\\Request), Object(Closure))
#32 D:\\Branches\\Testing-Multi-Database\\portforio-api\\api-workspace\\vendor\\fideloper\\proxy\\src\\TrustProxies.php(57): Illuminate\\Pipeline\\Pipeline->Illuminate\\Pipeline\\{closure}(Object(Illuminate\\Http\\Request))
#33 D:\\Branches\\Testing-Multi-Database\\portforio-api\\api-workspace\\vendor\\laravel\\framework\\src\\Illuminate\\Pipeline\\Pipeline.php(171): Fideloper\\Proxy\\TrustProxies->handle(Object(Illuminate\\Http\\Request), Object(Closure))
#34 D:\\Branches\\Testing-Multi-Database\\portforio-api\\api-workspace\\vendor\\laravel\\framework\\src\\Illuminate\\Foundation\\Http\\Middleware\\TransformsRequest.php(21): Illuminate\\Pipeline\\Pipeline->Illuminate\\Pipeline\\{closure}(Object(Illuminate\\Http\\Request))
#35 D:\\Branches\\Testing-Multi-Database\\portforio-api\\api-workspace\\vendor\\laravel\\framework\\src\\Illuminate\\Pipeline\\Pipeline.php(171): Illuminate\\Foundation\\Http\\Middleware\\TransformsRequest->handle(Object(Illuminate\\Http\\Request), Object(Closure))
#36 D:\\Branches\\Testing-Multi-Database\\portforio-api\\api-workspace\\vendor\\laravel\\framework\\src\\Illuminate\\Foundation\\Http\\Middleware\\TransformsRequest.php(21): Illuminate\\Pipeline\\Pipeline->Illuminate\\Pipeline\\{closure}(Object(Illuminate\\Http\\Request))
#37 D:\\Branches\\Testing-Multi-Database\\portforio-api\\api-workspace\\vendor\\laravel\\framework\\src\\Illuminate\\Pipeline\\Pipeline.php(171): Illuminate\\Foundation\\Http\\Middleware\\TransformsRequest->handle(Object(Illuminate\\Http\\Request), Object(Closure))
#38 D:\\Branches\\Testing-Multi-Database\\portforio-api\\api-workspace\\vendor\\laravel\\framework\\src\\Illuminate\\Foundation\\Http\\Middleware\\ValidatePostSize.php(27): Illuminate\\Pipeline\\Pipeline->Illuminate\\Pipeline\\{closure}(Object(Illuminate\\Http\\Request))
#39 D:\\Branches\\Testing-Multi-Database\\portforio-api\\api-workspace\\vendor\\laravel\\framework\\src\\Illuminate\\Pipeline\\Pipeline.php(171): Illuminate\\Foundation\\Http\\Middleware\\ValidatePostSize->handle(Object(Illuminate\\Http\\Request), Object(Closure))
#40 D:\\Branches\\Testing-Multi-Database\\portforio-api\\api-workspace\\vendor\\laravel\\framework\\src\\Illuminate\\Foundation\\Http\\Middleware\\CheckForMaintenanceMode.php(62): Illuminate\\Pipeline\\Pipeline->Illuminate\\Pipeline\\{closure}(Object(Illuminate\\Http\\Request))
#41 D:\\Branches\\Testing-Multi-Database\\portforio-api\\api-workspace\\vendor\\laravel\\framework\\src\\Illuminate\\Pipeline\\Pipeline.php(171): Illuminate\\Foundation\\Http\\Middleware\\CheckForMaintenanceMode->handle(Object(Illuminate\\Http\\Request), Object(Closure))
#42 D:\\Branches\\Testing-Multi-Database\\portforio-api\\api-workspace\\vendor\\stancl\\tenancy\\src\\Middleware\\InitializeTenancy.php(43): Illuminate\\Pipeline\\Pipeline->Illuminate\\Pipeline\\{closure}(Object(Illuminate\\Http\\Request))
#43 D:\\Branches\\Testing-Multi-Database\\portforio-api\\api-workspace\\vendor\\laravel\\framework\\src\\Illuminate\\Pipeline\\Pipeline.php(171): Stancl\\Tenancy\\Middleware\\InitializeTenancy->handle(Object(Illuminate\\Http\\Request), Object(Closure))
#44 D:\\Branches\\Testing-Multi-Database\\portforio-api\\api-workspace\\vendor\\laravel\\framework\\src\\Illuminate\\Pipeline\\Pipeline.php(105): Illuminate\\Pipeline\\Pipeline->Illuminate\\Pipeline\\{closure}(Object(Illuminate\\Http\\Request))
#45 D:\\Branches\\Testing-Multi-Database\\portforio-api\\api-workspace\\vendor\\laravel\\framework\\src\\Illuminate\\Foundation\\Http\\Kernel.php(151): Illuminate\\Pipeline\\Pipeline->then(Object(Closure))
#46 D:\\Branches\\Testing-Multi-Database\\portforio-api\\api-workspace\\vendor\\laravel\\framework\\src\\Illuminate\\Foundation\\Http\\Kernel.php(116): Illuminate\\Foundation\\Http\\Kernel->sendRequestThroughRouter(Object(Illuminate\\Http\\Request))
#47 d:\\Branches\\Testing-Multi-Database\\portforio-api\\api-workspace\\public\\index.php(55): Illuminate\\Foundation\\Http\\Kernel->handle(Object(Illuminate\\Http\\Request))
#48 {main}
"} 
[2020-05-09 04:30:40] laravel.ERROR: file_put_contents(D:\Branches\Testing-Multi-Database\portforio-api\api-workspace\storage\framework/cache/data/4b/03/4b03606e16e1d055dd4d58e4c372901b74d7d548): failed to open stream: Permission denied {"userId":"usr01539232275296","exception":"[object] (ErrorException(code: 0): file_put_contents(D:\\Branches\\Testing-Multi-Database\\portforio-api\\api-workspace\\storage\\framework/cache/data/4b/03/4b03606e16e1d055dd4d58e4c372901b74d7d548): failed to open stream: Permission denied at D:\\Branches\\Testing-Multi-Database\\portforio-api\\api-workspace\\vendor\\laravel\\framework\\src\\Illuminate\\Filesystem\\Filesystem.php:122)
[stacktrace]
#0 [internal function]: Illuminate\\Foundation\\Bootstrap\\HandleExceptions->handleError(2, 'file_put_conten...', 'D:\\\\Branches\\\\Tes...', 122, Array)
#1 D:\\Branches\\Testing-Multi-Database\\portforio-api\\api-workspace\\vendor\\laravel\\framework\\src\\Illuminate\\Filesystem\\Filesystem.php(122): file_put_contents('D:\\\\Branches\\\\Tes...', '1588998641i:158...', 2)
#2 D:\\Branches\\Testing-Multi-Database\\portforio-api\\api-workspace\\vendor\\laravel\\framework\\src\\Illuminate\\Cache\\FileStore.php(65): Illuminate\\Filesystem\\Filesystem->put('D:\\\\Branches\\\\Tes...', '1588998641i:158...', true)
#3 D:\\Branches\\Testing-Multi-Database\\portforio-api\\api-workspace\\vendor\\laravel\\framework\\src\\Illuminate\\Cache\\Repository.php(211): Illuminate\\Cache\\FileStore->put('198582ccca77410...', 1588998641, '1')
#4 D:\\Branches\\Testing-Multi-Database\\portforio-api\\api-workspace\\vendor\\laravel\\framework\\src\\Illuminate\\Cache\\Repository.php(316): Illuminate\\Cache\\Repository->put('198582ccca77410...', 1588998641, '1')
#5 D:\\Branches\\Testing-Multi-Database\\portforio-api\\api-workspace\\vendor\\laravel\\framework\\src\\Illuminate\\Cache\\RateLimiter.php(60): Illuminate\\Cache\\Repository->add('198582ccca77410...', 1588998641, '1')
#6 D:\\Branches\\Testing-Multi-Database\\portforio-api\\api-workspace\\app\\Http\\Middleware\\ResponseThrottleRequest.php(24): Illuminate\\Cache\\RateLimiter->hit('198582ccca77410...', '1')
#7 D:\\Branches\\Testing-Multi-Database\\portforio-api\\api-workspace\\vendor\\laravel\\framework\\src\\Illuminate\\Pipeline\\Pipeline.php(171): App\\Http\\Middleware\\ResponseThrottleRequest->handle(Object(Illuminate\\Http\\Request), Object(Closure), 200, '1')
#8 D:\\Branches\\Testing-Multi-Database\\portforio-api\\api-workspace\\vendor\\laravel\\framework\\src\\Illuminate\\Routing\\Middleware\\SubstituteBindings.php(41): Illuminate\\Pipeline\\Pipeline->Illuminate\\Pipeline\\{closure}(Object(Illuminate\\Http\\Request))
#9 D:\\Branches\\Testing-Multi-Database\\portforio-api\\api-workspace\\vendor\\laravel\\framework\\src\\Illuminate\\Pipeline\\Pipeline.php(171): Illuminate\\Routing\\Middleware\\SubstituteBindings->handle(Object(Illuminate\\Http\\Request), Object(Closure))
#10 D:\\Branches\\Testing-Multi-Database\\portforio-api\\api-workspace\\vendor\\laravel\\framework\\src\\Illuminate\\Auth\\Middleware\\Authenticate.php(43): Illuminate\\Pipeline\\Pipeline->Illuminate\\Pipeline\\{closure}(Object(Illuminate\\Http\\Request))
#11 D:\\Branches\\Testing-Multi-Database\\portforio-api\\api-workspace\\vendor\\laravel\\framework\\src\\Illuminate\\Pipeline\\Pipeline.php(171): Illuminate\\Auth\\Middleware\\Authenticate->handle(Object(Illuminate\\Http\\Request), Object(Closure), 'api')
#12 D:\\Branches\\Testing-Multi-Database\\portforio-api\\api-workspace\\vendor\\laravel\\framework\\src\\Illuminate\\Foundation\\Http\\Middleware\\VerifyCsrfToken.php(76): Illuminate\\Pipeline\\Pipeline->Illuminate\\Pipeline\\{closure}(Object(Illuminate\\Http\\Request))
#13 D:\\Branches\\Testing-Multi-Database\\portforio-api\\api-workspace\\vendor\\laravel\\framework\\src\\Illuminate\\Pipeline\\Pipeline.php(171): Illuminate\\Foundation\\Http\\Middleware\\VerifyCsrfToken->handle(Object(Illuminate\\Http\\Request), Object(Closure))
#14 D:\\Branches\\Testing-Multi-Database\\portforio-api\\api-workspace\\vendor\\laravel\\framework\\src\\Illuminate\\View\\Middleware\\ShareErrorsFromSession.php(49): Illuminate\\Pipeline\\Pipeline->Illuminate\\Pipeline\\{closure}(Object(Illuminate\\Http\\Request))
#15 D:\\Branches\\Testing-Multi-Database\\portforio-api\\api-workspace\\vendor\\laravel\\framework\\src\\Illuminate\\Pipeline\\Pipeline.php(171): Illuminate\\View\\Middleware\\ShareErrorsFromSession->handle(Object(Illuminate\\Http\\Request), Object(Closure))
#16 D:\\Branches\\Testing-Multi-Database\\portforio-api\\api-workspace\\vendor\\laravel\\framework\\src\\Illuminate\\Session\\Middleware\\StartSession.php(56): Illuminate\\Pipeline\\Pipeline->Illuminate\\Pipeline\\{closure}(Object(Illuminate\\Http\\Request))
#17 D:\\Branches\\Testing-Multi-Database\\portforio-api\\api-workspace\\vendor\\laravel\\framework\\src\\Illuminate\\Pipeline\\Pipeline.php(171): Illuminate\\Session\\Middleware\\StartSession->handle(Object(Illuminate\\Http\\Request), Object(Closure))
#18 D:\\Branches\\Testing-Multi-Database\\portforio-api\\api-workspace\\vendor\\laravel\\framework\\src\\Illuminate\\Cookie\\Middleware\\AddQueuedCookiesToResponse.php(37): Illuminate\\Pipeline\\Pipeline->Illuminate\\Pipeline\\{closure}(Object(Illuminate\\Http\\Request))
#19 D:\\Branches\\Testing-Multi-Database\\portforio-api\\api-workspace\\vendor\\laravel\\framework\\src\\Illuminate\\Pipeline\\Pipeline.php(171): Illuminate\\Cookie\\Middleware\\AddQueuedCookiesToResponse->handle(Object(Illuminate\\Http\\Request), Object(Closure))
#20 D:\\Branches\\Testing-Multi-Database\\portforio-api\\api-workspace\\vendor\\laravel\\framework\\src\\Illuminate\\Cookie\\Middleware\\EncryptCookies.php(66): Illuminate\\Pipeline\\Pipeline->Illuminate\\Pipeline\\{closure}(Object(Illuminate\\Http\\Request))
#21 D:\\Branches\\Testing-Multi-Database\\portforio-api\\api-workspace\\vendor\\laravel\\framework\\src\\Illuminate\\Pipeline\\Pipeline.php(171): Illuminate\\Cookie\\Middleware\\EncryptCookies->handle(Object(Illuminate\\Http\\Request), Object(Closure))
#22 D:\\Branches\\Testing-Multi-Database\\portforio-api\\api-workspace\\vendor\\stancl\\tenancy\\src\\Middleware\\PreventAccessFromTenantDomains.php(55): Illuminate\\Pipeline\\Pipeline->Illuminate\\Pipeline\\{closure}(Object(Illuminate\\Http\\Request))
#23 D:\\Branches\\Testing-Multi-Database\\portforio-api\\api-workspace\\vendor\\laravel\\framework\\src\\Illuminate\\Pipeline\\Pipeline.php(171): Stancl\\Tenancy\\Middleware\\PreventAccessFromTenantDomains->handle(Object(Illuminate\\Http\\Request), Object(Closure))
#24 D:\\Branches\\Testing-Multi-Database\\portforio-api\\api-workspace\\vendor\\laravel\\framework\\src\\Illuminate\\Pipeline\\Pipeline.php(105): Illuminate\\Pipeline\\Pipeline->Illuminate\\Pipeline\\{closure}(Object(Illuminate\\Http\\Request))
#25 D:\\Branches\\Testing-Multi-Database\\portforio-api\\api-workspace\\vendor\\laravel\\framework\\src\\Illuminate\\Routing\\Router.php(682): Illuminate\\Pipeline\\Pipeline->then(Object(Closure))
#26 D:\\Branches\\Testing-Multi-Database\\portforio-api\\api-workspace\\vendor\\laravel\\framework\\src\\Illuminate\\Routing\\Router.php(657): Illuminate\\Routing\\Router->runRouteWithinStack(Object(Illuminate\\Routing\\Route), Object(Illuminate\\Http\\Request))
#27 D:\\Branches\\Testing-Multi-Database\\portforio-api\\api-workspace\\vendor\\laravel\\framework\\src\\Illuminate\\Routing\\Router.php(623): Illuminate\\Routing\\Router->runRoute(Object(Illuminate\\Http\\Request), Object(Illuminate\\Routing\\Route))
#28 D:\\Branches\\Testing-Multi-Database\\portforio-api\\api-workspace\\vendor\\laravel\\framework\\src\\Illuminate\\Routing\\Router.php(612): Illuminate\\Routing\\Router->dispatchToRoute(Object(Illuminate\\Http\\Request))
#29 D:\\Branches\\Testing-Multi-Database\\portforio-api\\api-workspace\\vendor\\laravel\\framework\\src\\Illuminate\\Foundation\\Http\\Kernel.php(176): Illuminate\\Routing\\Router->dispatch(Object(Illuminate\\Http\\Request))
#30 D:\\Branches\\Testing-Multi-Database\\portforio-api\\api-workspace\\vendor\\laravel\\framework\\src\\Illuminate\\Pipeline\\Pipeline.php(130): Illuminate\\Foundation\\Http\\Kernel->Illuminate\\Foundation\\Http\\{closure}(Object(Illuminate\\Http\\Request))
#31 D:\\Branches\\Testing-Multi-Database\\portforio-api\\api-workspace\\app\\Http\\Middleware\\Cors.php(19): Illuminate\\Pipeline\\Pipeline->Illuminate\\Pipeline\\{closure}(Object(Illuminate\\Http\\Request))
#32 D:\\Branches\\Testing-Multi-Database\\portforio-api\\api-workspace\\vendor\\laravel\\framework\\src\\Illuminate\\Pipeline\\Pipeline.php(171): App\\Http\\Middleware\\Cors->handle(Object(Illuminate\\Http\\Request), Object(Closure))
#33 D:\\Branches\\Testing-Multi-Database\\portforio-api\\api-workspace\\vendor\\fideloper\\proxy\\src\\TrustProxies.php(57): Illuminate\\Pipeline\\Pipeline->Illuminate\\Pipeline\\{closure}(Object(Illuminate\\Http\\Request))
#34 D:\\Branches\\Testing-Multi-Database\\portforio-api\\api-workspace\\vendor\\laravel\\framework\\src\\Illuminate\\Pipeline\\Pipeline.php(171): Fideloper\\Proxy\\TrustProxies->handle(Object(Illuminate\\Http\\Request), Object(Closure))
#35 D:\\Branches\\Testing-Multi-Database\\portforio-api\\api-workspace\\vendor\\laravel\\framework\\src\\Illuminate\\Foundation\\Http\\Middleware\\TransformsRequest.php(21): Illuminate\\Pipeline\\Pipeline->Illuminate\\Pipeline\\{closure}(Object(Illuminate\\Http\\Request))
#36 D:\\Branches\\Testing-Multi-Database\\portforio-api\\api-workspace\\vendor\\laravel\\framework\\src\\Illuminate\\Pipeline\\Pipeline.php(171): Illuminate\\Foundation\\Http\\Middleware\\TransformsRequest->handle(Object(Illuminate\\Http\\Request), Object(Closure))
#37 D:\\Branches\\Testing-Multi-Database\\portforio-api\\api-workspace\\vendor\\laravel\\framework\\src\\Illuminate\\Foundation\\Http\\Middleware\\TransformsRequest.php(21): Illuminate\\Pipeline\\Pipeline->Illuminate\\Pipeline\\{closure}(Object(Illuminate\\Http\\Request))
#38 D:\\Branches\\Testing-Multi-Database\\portforio-api\\api-workspace\\vendor\\laravel\\framework\\src\\Illuminate\\Pipeline\\Pipeline.php(171): Illuminate\\Foundation\\Http\\Middleware\\TransformsRequest->handle(Object(Illuminate\\Http\\Request), Object(Closure))
#39 D:\\Branches\\Testing-Multi-Database\\portforio-api\\api-workspace\\vendor\\laravel\\framework\\src\\Illuminate\\Foundation\\Http\\Middleware\\ValidatePostSize.php(27): Illuminate\\Pipeline\\Pipeline->Illuminate\\Pipeline\\{closure}(Object(Illuminate\\Http\\Request))
#40 D:\\Branches\\Testing-Multi-Database\\portforio-api\\api-workspace\\vendor\\laravel\\framework\\src\\Illuminate\\Pipeline\\Pipeline.php(171): Illuminate\\Foundation\\Http\\Middleware\\ValidatePostSize->handle(Object(Illuminate\\Http\\Request), Object(Closure))
#41 D:\\Branches\\Testing-Multi-Database\\portforio-api\\api-workspace\\vendor\\laravel\\framework\\src\\Illuminate\\Foundation\\Http\\Middleware\\CheckForMaintenanceMode.php(62): Illuminate\\Pipeline\\Pipeline->Illuminate\\Pipeline\\{closure}(Object(Illuminate\\Http\\Request))
#42 D:\\Branches\\Testing-Multi-Database\\portforio-api\\api-workspace\\vendor\\laravel\\framework\\src\\Illuminate\\Pipeline\\Pipeline.php(171): Illuminate\\Foundation\\Http\\Middleware\\CheckForMaintenanceMode->handle(Object(Illuminate\\Http\\Request), Object(Closure))
#43 D:\\Branches\\Testing-Multi-Database\\portforio-api\\api-workspace\\vendor\\stancl\\tenancy\\src\\Middleware\\InitializeTenancy.php(43): Illuminate\\Pipeline\\Pipeline->Illuminate\\Pipeline\\{closure}(Object(Illuminate\\Http\\Request))
#44 D:\\Branches\\Testing-Multi-Database\\portforio-api\\api-workspace\\vendor\\laravel\\framework\\src\\Illuminate\\Pipeline\\Pipeline.php(171): Stancl\\Tenancy\\Middleware\\InitializeTenancy->handle(Object(Illuminate\\Http\\Request), Object(Closure))
#45 D:\\Branches\\Testing-Multi-Database\\portforio-api\\api-workspace\\vendor\\laravel\\framework\\src\\Illuminate\\Pipeline\\Pipeline.php(105): Illuminate\\Pipeline\\Pipeline->Illuminate\\Pipeline\\{closure}(Object(Illuminate\\Http\\Request))
#46 D:\\Branches\\Testing-Multi-Database\\portforio-api\\api-workspace\\vendor\\laravel\\framework\\src\\Illuminate\\Foundation\\Http\\Kernel.php(151): Illuminate\\Pipeline\\Pipeline->then(Object(Closure))
#47 D:\\Branches\\Testing-Multi-Database\\portforio-api\\api-workspace\\vendor\\laravel\\framework\\src\\Illuminate\\Foundation\\Http\\Kernel.php(116): Illuminate\\Foundation\\Http\\Kernel->sendRequestThroughRouter(Object(Illuminate\\Http\\Request))
#48 d:\\Branches\\Testing-Multi-Database\\portforio-api\\api-workspace\\public\\index.php(55): Illuminate\\Foundation\\Http\\Kernel->handle(Object(Illuminate\\Http\\Request))
#49 {main}
"} 
