[2020-06-30 04:11:50] laravel.EMERGENCY: Unable to create configured logger. Using emergency logger. {"exception":"[object] (InvalidArgumentException(code: 0): Log [] is not defined. at /Applications/MAMP/htdocs/portfolio-v2-tenancy/api-workspace/vendor/laravel/framework/src/Illuminate/Log/LogManager.php:175)
[stacktrace]
#0 /Applications/MAMP/htdocs/portfolio-v2-tenancy/api-workspace/vendor/laravel/framework/src/Illuminate/Log/LogManager.php(109): Illuminate\\Log\\LogManager->resolve(NULL)
#1 /Applications/MAMP/htdocs/portfolio-v2-tenancy/api-workspace/vendor/laravel/framework/src/Illuminate/Log/LogManager.php(97): Illuminate\\Log\\LogManager->get(NULL)
#2 /Applications/MAMP/htdocs/portfolio-v2-tenancy/api-workspace/vendor/laravel/framework/src/Illuminate/Log/LogManager.php(507): Illuminate\\Log\\LogManager->driver()
#3 /Applications/MAMP/htdocs/portfolio-v2-tenancy/api-workspace/vendor/laravel/framework/src/Illuminate/Foundation/Exceptions/Handler.php(118): Illuminate\\Log\\LogManager->error('No application ...', Array)
#4 /Applications/MAMP/htdocs/portfolio-v2-tenancy/api-workspace/app/Exceptions/Handler.php(46): Illuminate\\Foundation\\Exceptions\\Handler->report(Object(RuntimeException))
#5 /Applications/MAMP/htdocs/portfolio-v2-tenancy/api-workspace/vendor/laravel/framework/src/Illuminate/Routing/Pipeline.php(49): App\\Exceptions\\Handler->report(Object(RuntimeException))
#6 /Applications/MAMP/htdocs/portfolio-v2-tenancy/api-workspace/vendor/laravel/framework/src/Illuminate/Pipeline/Pipeline.php(176): Illuminate\\Routing\\Pipeline->handleException(Object(Illuminate\\Http\\Request), Object(RuntimeException))
#7 /Applications/MAMP/htdocs/portfolio-v2-tenancy/api-workspace/vendor/stancl/tenancy/src/Middleware/PreventAccessFromTenantDomains.php(55): Illuminate\\Pipeline\\Pipeline->Illuminate\\Pipeline\\{closure}(Object(Illuminate\\Http\\Request))
#8 /Applications/MAMP/htdocs/portfolio-v2-tenancy/api-workspace/vendor/laravel/framework/src/Illuminate/Pipeline/Pipeline.php(171): Stancl\\Tenancy\\Middleware\\PreventAccessFromTenantDomains->handle(Object(Illuminate\\Http\\Request), Object(Closure))
#9 /Applications/MAMP/htdocs/portfolio-v2-tenancy/api-workspace/vendor/laravel/framework/src/Illuminate/Pipeline/Pipeline.php(105): Illuminate\\Pipeline\\Pipeline->Illuminate\\Pipeline\\{closure}(Object(Illuminate\\Http\\Request))
#10 /Applications/MAMP/htdocs/portfolio-v2-tenancy/api-workspace/vendor/laravel/framework/src/Illuminate/Routing/Router.php(682): Illuminate\\Pipeline\\Pipeline->then(Object(Closure))
#11 /Applications/MAMP/htdocs/portfolio-v2-tenancy/api-workspace/vendor/laravel/framework/src/Illuminate/Routing/Router.php(657): Illuminate\\Routing\\Router->runRouteWithinStack(Object(Illuminate\\Routing\\Route), Object(Illuminate\\Http\\Request))
#12 /Applications/MAMP/htdocs/portfolio-v2-tenancy/api-workspace/vendor/laravel/framework/src/Illuminate/Routing/Router.php(623): Illuminate\\Routing\\Router->runRoute(Object(Illuminate\\Http\\Request), Object(Illuminate\\Routing\\Route))
#13 /Applications/MAMP/htdocs/portfolio-v2-tenancy/api-workspace/vendor/laravel/framework/src/Illuminate/Routing/Router.php(612): Illuminate\\Routing\\Router->dispatchToRoute(Object(Illuminate\\Http\\Request))
#14 /Applications/MAMP/htdocs/portfolio-v2-tenancy/api-workspace/vendor/laravel/framework/src/Illuminate/Foundation/Http/Kernel.php(176): Illuminate\\Routing\\Router->dispatch(Object(Illuminate\\Http\\Request))
#15 /Applications/MAMP/htdocs/portfolio-v2-tenancy/api-workspace/vendor/laravel/framework/src/Illuminate/Pipeline/Pipeline.php(130): Illuminate\\Foundation\\Http\\Kernel->Illuminate\\Foundation\\Http\\{closure}(Object(Illuminate\\Http\\Request))
#16 /Applications/MAMP/htdocs/portfolio-v2-tenancy/api-workspace/app/Http/Middleware/Cors.php(19): Illuminate\\Pipeline\\Pipeline->Illuminate\\Pipeline\\{closure}(Object(Illuminate\\Http\\Request))
#17 /Applications/MAMP/htdocs/portfolio-v2-tenancy/api-workspace/vendor/laravel/framework/src/Illuminate/Pipeline/Pipeline.php(171): App\\Http\\Middleware\\Cors->handle(Object(Illuminate\\Http\\Request), Object(Closure))
#18 /Applications/MAMP/htdocs/portfolio-v2-tenancy/api-workspace/vendor/fideloper/proxy/src/TrustProxies.php(57): Illuminate\\Pipeline\\Pipeline->Illuminate\\Pipeline\\{closure}(Object(Illuminate\\Http\\Request))
#19 /Applications/MAMP/htdocs/portfolio-v2-tenancy/api-workspace/vendor/laravel/framework/src/Illuminate/Pipeline/Pipeline.php(171): Fideloper\\Proxy\\TrustProxies->handle(Object(Illuminate\\Http\\Request), Object(Closure))
#20 /Applications/MAMP/htdocs/portfolio-v2-tenancy/api-workspace/vendor/laravel/framework/src/Illuminate/Foundation/Http/Middleware/TransformsRequest.php(21): Illuminate\\Pipeline\\Pipeline->Illuminate\\Pipeline\\{closure}(Object(Illuminate\\Http\\Request))
#21 /Applications/MAMP/htdocs/portfolio-v2-tenancy/api-workspace/vendor/laravel/framework/src/Illuminate/Pipeline/Pipeline.php(171): Illuminate\\Foundation\\Http\\Middleware\\TransformsRequest->handle(Object(Illuminate\\Http\\Request), Object(Closure))
#22 /Applications/MAMP/htdocs/portfolio-v2-tenancy/api-workspace/vendor/laravel/framework/src/Illuminate/Foundation/Http/Middleware/TransformsRequest.php(21): Illuminate\\Pipeline\\Pipeline->Illuminate\\Pipeline\\{closure}(Object(Illuminate\\Http\\Request))
#23 /Applications/MAMP/htdocs/portfolio-v2-tenancy/api-workspace/vendor/laravel/framework/src/Illuminate/Pipeline/Pipeline.php(171): Illuminate\\Foundation\\Http\\Middleware\\TransformsRequest->handle(Object(Illuminate\\Http\\Request), Object(Closure))
#24 /Applications/MAMP/htdocs/portfolio-v2-tenancy/api-workspace/vendor/laravel/framework/src/Illuminate/Foundation/Http/Middleware/ValidatePostSize.php(27): Illuminate\\Pipeline\\Pipeline->Illuminate\\Pipeline\\{closure}(Object(Illuminate\\Http\\Request))
#25 /Applications/MAMP/htdocs/portfolio-v2-tenancy/api-workspace/vendor/laravel/framework/src/Illuminate/Pipeline/Pipeline.php(171): Illuminate\\Foundation\\Http\\Middleware\\ValidatePostSize->handle(Object(Illuminate\\Http\\Request), Object(Closure))
#26 /Applications/MAMP/htdocs/portfolio-v2-tenancy/api-workspace/vendor/laravel/framework/src/Illuminate/Foundation/Http/Middleware/CheckForMaintenanceMode.php(62): Illuminate\\Pipeline\\Pipeline->Illuminate\\Pipeline\\{closure}(Object(Illuminate\\Http\\Request))
#27 /Applications/MAMP/htdocs/portfolio-v2-tenancy/api-workspace/vendor/laravel/framework/src/Illuminate/Pipeline/Pipeline.php(171): Illuminate\\Foundation\\Http\\Middleware\\CheckForMaintenanceMode->handle(Object(Illuminate\\Http\\Request), Object(Closure))
#28 /Applications/MAMP/htdocs/portfolio-v2-tenancy/api-workspace/vendor/stancl/tenancy/src/Middleware/InitializeTenancy.php(43): Illuminate\\Pipeline\\Pipeline->Illuminate\\Pipeline\\{closure}(Object(Illuminate\\Http\\Request))
#29 /Applications/MAMP/htdocs/portfolio-v2-tenancy/api-workspace/vendor/laravel/framework/src/Illuminate/Pipeline/Pipeline.php(171): Stancl\\Tenancy\\Middleware\\InitializeTenancy->handle(Object(Illuminate\\Http\\Request), Object(Closure))
#30 /Applications/MAMP/htdocs/portfolio-v2-tenancy/api-workspace/vendor/laravel/framework/src/Illuminate/Pipeline/Pipeline.php(105): Illuminate\\Pipeline\\Pipeline->Illuminate\\Pipeline\\{closure}(Object(Illuminate\\Http\\Request))
#31 /Applications/MAMP/htdocs/portfolio-v2-tenancy/api-workspace/vendor/laravel/framework/src/Illuminate/Foundation/Http/Kernel.php(151): Illuminate\\Pipeline\\Pipeline->then(Object(Closure))
#32 /Applications/MAMP/htdocs/portfolio-v2-tenancy/api-workspace/vendor/laravel/framework/src/Illuminate/Foundation/Http/Kernel.php(116): Illuminate\\Foundation\\Http\\Kernel->sendRequestThroughRouter(Object(Illuminate\\Http\\Request))
#33 /Applications/MAMP/htdocs/portfolio-v2-tenancy/api-workspace/public/index.php(55): Illuminate\\Foundation\\Http\\Kernel->handle(Object(Illuminate\\Http\\Request))
#34 {main}
"} 
[2020-06-30 04:11:50] laravel.ERROR: No application encryption key has been specified. {"exception":"[object] (RuntimeException(code: 0): No application encryption key has been specified. at /Applications/MAMP/htdocs/portfolio-v2-tenancy/api-workspace/vendor/laravel/framework/src/Illuminate/Encryption/EncryptionServiceProvider.php:44)
[stacktrace]
#0 /Applications/MAMP/htdocs/portfolio-v2-tenancy/api-workspace/vendor/laravel/framework/src/Illuminate/Support/helpers.php(424): Illuminate\\Encryption\\EncryptionServiceProvider->Illuminate\\Encryption\\{closure}('')
#1 /Applications/MAMP/htdocs/portfolio-v2-tenancy/api-workspace/vendor/laravel/framework/src/Illuminate/Encryption/EncryptionServiceProvider.php(48): tap('', Object(Closure))
#2 /Applications/MAMP/htdocs/portfolio-v2-tenancy/api-workspace/vendor/laravel/framework/src/Illuminate/Encryption/EncryptionServiceProvider.php(24): Illuminate\\Encryption\\EncryptionServiceProvider->key(Array)
#3 /Applications/MAMP/htdocs/portfolio-v2-tenancy/api-workspace/vendor/laravel/framework/src/Illuminate/Container/Container.php(800): Illuminate\\Encryption\\EncryptionServiceProvider->Illuminate\\Encryption\\{closure}(Object(Illuminate\\Foundation\\Application), Array)
#4 /Applications/MAMP/htdocs/portfolio-v2-tenancy/api-workspace/vendor/laravel/framework/src/Illuminate/Container/Container.php(682): Illuminate\\Container\\Container->build(Object(Closure))
#5 /Applications/MAMP/htdocs/portfolio-v2-tenancy/api-workspace/vendor/laravel/framework/src/Illuminate/Container/Container.php(630): Illuminate\\Container\\Container->resolve('encrypter', Array)
#6 /Applications/MAMP/htdocs/portfolio-v2-tenancy/api-workspace/vendor/laravel/framework/src/Illuminate/Foundation/Application.php(768): Illuminate\\Container\\Container->make('encrypter', Array)
#7 /Applications/MAMP/htdocs/portfolio-v2-tenancy/api-workspace/vendor/laravel/framework/src/Illuminate/Container/Container.php(946): Illuminate\\Foundation\\Application->make('encrypter')
#8 /Applications/MAMP/htdocs/portfolio-v2-tenancy/api-workspace/vendor/laravel/framework/src/Illuminate/Container/Container.php(874): Illuminate\\Container\\Container->resolveClass(Object(ReflectionParameter))
#9 /Applications/MAMP/htdocs/portfolio-v2-tenancy/api-workspace/vendor/laravel/framework/src/Illuminate/Container/Container.php(835): Illuminate\\Container\\Container->resolveDependencies(Array)
#10 /Applications/MAMP/htdocs/portfolio-v2-tenancy/api-workspace/vendor/laravel/framework/src/Illuminate/Container/Container.php(682): Illuminate\\Container\\Container->build('App\\\\Http\\\\Middle...')
#11 /Applications/MAMP/htdocs/portfolio-v2-tenancy/api-workspace/vendor/laravel/framework/src/Illuminate/Container/Container.php(630): Illuminate\\Container\\Container->resolve('App\\\\Http\\\\Middle...', Array)
#12 /Applications/MAMP/htdocs/portfolio-v2-tenancy/api-workspace/vendor/laravel/framework/src/Illuminate/Foundation/Application.php(768): Illuminate\\Container\\Container->make('App\\\\Http\\\\Middle...', Array)
#13 /Applications/MAMP/htdocs/portfolio-v2-tenancy/api-workspace/vendor/laravel/framework/src/Illuminate/Pipeline/Pipeline.php(160): Illuminate\\Foundation\\Application->make('App\\\\Http\\\\Middle...')
#14 /Applications/MAMP/htdocs/portfolio-v2-tenancy/api-workspace/vendor/stancl/tenancy/src/Middleware/PreventAccessFromTenantDomains.php(55): Illuminate\\Pipeline\\Pipeline->Illuminate\\Pipeline\\{closure}(Object(Illuminate\\Http\\Request))
#15 /Applications/MAMP/htdocs/portfolio-v2-tenancy/api-workspace/vendor/laravel/framework/src/Illuminate/Pipeline/Pipeline.php(171): Stancl\\Tenancy\\Middleware\\PreventAccessFromTenantDomains->handle(Object(Illuminate\\Http\\Request), Object(Closure))
#16 /Applications/MAMP/htdocs/portfolio-v2-tenancy/api-workspace/vendor/laravel/framework/src/Illuminate/Pipeline/Pipeline.php(105): Illuminate\\Pipeline\\Pipeline->Illuminate\\Pipeline\\{closure}(Object(Illuminate\\Http\\Request))
#17 /Applications/MAMP/htdocs/portfolio-v2-tenancy/api-workspace/vendor/laravel/framework/src/Illuminate/Routing/Router.php(682): Illuminate\\Pipeline\\Pipeline->then(Object(Closure))
#18 /Applications/MAMP/htdocs/portfolio-v2-tenancy/api-workspace/vendor/laravel/framework/src/Illuminate/Routing/Router.php(657): Illuminate\\Routing\\Router->runRouteWithinStack(Object(Illuminate\\Routing\\Route), Object(Illuminate\\Http\\Request))
#19 /Applications/MAMP/htdocs/portfolio-v2-tenancy/api-workspace/vendor/laravel/framework/src/Illuminate/Routing/Router.php(623): Illuminate\\Routing\\Router->runRoute(Object(Illuminate\\Http\\Request), Object(Illuminate\\Routing\\Route))
#20 /Applications/MAMP/htdocs/portfolio-v2-tenancy/api-workspace/vendor/laravel/framework/src/Illuminate/Routing/Router.php(612): Illuminate\\Routing\\Router->dispatchToRoute(Object(Illuminate\\Http\\Request))
#21 /Applications/MAMP/htdocs/portfolio-v2-tenancy/api-workspace/vendor/laravel/framework/src/Illuminate/Foundation/Http/Kernel.php(176): Illuminate\\Routing\\Router->dispatch(Object(Illuminate\\Http\\Request))
#22 /Applications/MAMP/htdocs/portfolio-v2-tenancy/api-workspace/vendor/laravel/framework/src/Illuminate/Pipeline/Pipeline.php(130): Illuminate\\Foundation\\Http\\Kernel->Illuminate\\Foundation\\Http\\{closure}(Object(Illuminate\\Http\\Request))
#23 /Applications/MAMP/htdocs/portfolio-v2-tenancy/api-workspace/app/Http/Middleware/Cors.php(19): Illuminate\\Pipeline\\Pipeline->Illuminate\\Pipeline\\{closure}(Object(Illuminate\\Http\\Request))
#24 /Applications/MAMP/htdocs/portfolio-v2-tenancy/api-workspace/vendor/laravel/framework/src/Illuminate/Pipeline/Pipeline.php(171): App\\Http\\Middleware\\Cors->handle(Object(Illuminate\\Http\\Request), Object(Closure))
#25 /Applications/MAMP/htdocs/portfolio-v2-tenancy/api-workspace/vendor/fideloper/proxy/src/TrustProxies.php(57): Illuminate\\Pipeline\\Pipeline->Illuminate\\Pipeline\\{closure}(Object(Illuminate\\Http\\Request))
#26 /Applications/MAMP/htdocs/portfolio-v2-tenancy/api-workspace/vendor/laravel/framework/src/Illuminate/Pipeline/Pipeline.php(171): Fideloper\\Proxy\\TrustProxies->handle(Object(Illuminate\\Http\\Request), Object(Closure))
#27 /Applications/MAMP/htdocs/portfolio-v2-tenancy/api-workspace/vendor/laravel/framework/src/Illuminate/Foundation/Http/Middleware/TransformsRequest.php(21): Illuminate\\Pipeline\\Pipeline->Illuminate\\Pipeline\\{closure}(Object(Illuminate\\Http\\Request))
#28 /Applications/MAMP/htdocs/portfolio-v2-tenancy/api-workspace/vendor/laravel/framework/src/Illuminate/Pipeline/Pipeline.php(171): Illuminate\\Foundation\\Http\\Middleware\\TransformsRequest->handle(Object(Illuminate\\Http\\Request), Object(Closure))
#29 /Applications/MAMP/htdocs/portfolio-v2-tenancy/api-workspace/vendor/laravel/framework/src/Illuminate/Foundation/Http/Middleware/TransformsRequest.php(21): Illuminate\\Pipeline\\Pipeline->Illuminate\\Pipeline\\{closure}(Object(Illuminate\\Http\\Request))
#30 /Applications/MAMP/htdocs/portfolio-v2-tenancy/api-workspace/vendor/laravel/framework/src/Illuminate/Pipeline/Pipeline.php(171): Illuminate\\Foundation\\Http\\Middleware\\TransformsRequest->handle(Object(Illuminate\\Http\\Request), Object(Closure))
#31 /Applications/MAMP/htdocs/portfolio-v2-tenancy/api-workspace/vendor/laravel/framework/src/Illuminate/Foundation/Http/Middleware/ValidatePostSize.php(27): Illuminate\\Pipeline\\Pipeline->Illuminate\\Pipeline\\{closure}(Object(Illuminate\\Http\\Request))
#32 /Applications/MAMP/htdocs/portfolio-v2-tenancy/api-workspace/vendor/laravel/framework/src/Illuminate/Pipeline/Pipeline.php(171): Illuminate\\Foundation\\Http\\Middleware\\ValidatePostSize->handle(Object(Illuminate\\Http\\Request), Object(Closure))
#33 /Applications/MAMP/htdocs/portfolio-v2-tenancy/api-workspace/vendor/laravel/framework/src/Illuminate/Foundation/Http/Middleware/CheckForMaintenanceMode.php(62): Illuminate\\Pipeline\\Pipeline->Illuminate\\Pipeline\\{closure}(Object(Illuminate\\Http\\Request))
#34 /Applications/MAMP/htdocs/portfolio-v2-tenancy/api-workspace/vendor/laravel/framework/src/Illuminate/Pipeline/Pipeline.php(171): Illuminate\\Foundation\\Http\\Middleware\\CheckForMaintenanceMode->handle(Object(Illuminate\\Http\\Request), Object(Closure))
#35 /Applications/MAMP/htdocs/portfolio-v2-tenancy/api-workspace/vendor/stancl/tenancy/src/Middleware/InitializeTenancy.php(43): Illuminate\\Pipeline\\Pipeline->Illuminate\\Pipeline\\{closure}(Object(Illuminate\\Http\\Request))
#36 /Applications/MAMP/htdocs/portfolio-v2-tenancy/api-workspace/vendor/laravel/framework/src/Illuminate/Pipeline/Pipeline.php(171): Stancl\\Tenancy\\Middleware\\InitializeTenancy->handle(Object(Illuminate\\Http\\Request), Object(Closure))
#37 /Applications/MAMP/htdocs/portfolio-v2-tenancy/api-workspace/vendor/laravel/framework/src/Illuminate/Pipeline/Pipeline.php(105): Illuminate\\Pipeline\\Pipeline->Illuminate\\Pipeline\\{closure}(Object(Illuminate\\Http\\Request))
#38 /Applications/MAMP/htdocs/portfolio-v2-tenancy/api-workspace/vendor/laravel/framework/src/Illuminate/Foundation/Http/Kernel.php(151): Illuminate\\Pipeline\\Pipeline->then(Object(Closure))
#39 /Applications/MAMP/htdocs/portfolio-v2-tenancy/api-workspace/vendor/laravel/framework/src/Illuminate/Foundation/Http/Kernel.php(116): Illuminate\\Foundation\\Http\\Kernel->sendRequestThroughRouter(Object(Illuminate\\Http\\Request))
#40 /Applications/MAMP/htdocs/portfolio-v2-tenancy/api-workspace/public/index.php(55): Illuminate\\Foundation\\Http\\Kernel->handle(Object(Illuminate\\Http\\Request))
#41 {main}
"} 
[2020-06-30 04:11:50] laravel.EMERGENCY: Unable to create configured logger. Using emergency logger. {"exception":"[object] (InvalidArgumentException(code: 0): Log [] is not defined. at /Applications/MAMP/htdocs/portfolio-v2-tenancy/api-workspace/vendor/laravel/framework/src/Illuminate/Log/LogManager.php:175)
[stacktrace]
#0 /Applications/MAMP/htdocs/portfolio-v2-tenancy/api-workspace/vendor/laravel/framework/src/Illuminate/Log/LogManager.php(109): Illuminate\\Log\\LogManager->resolve(NULL)
#1 /Applications/MAMP/htdocs/portfolio-v2-tenancy/api-workspace/vendor/laravel/framework/src/Illuminate/Log/LogManager.php(97): Illuminate\\Log\\LogManager->get(NULL)
#2 /Applications/MAMP/htdocs/portfolio-v2-tenancy/api-workspace/vendor/laravel/framework/src/Illuminate/Log/LogManager.php(507): Illuminate\\Log\\LogManager->driver()
#3 /Applications/MAMP/htdocs/portfolio-v2-tenancy/api-workspace/vendor/laravel/framework/src/Illuminate/Foundation/Exceptions/Handler.php(118): Illuminate\\Log\\LogManager->error('No application ...', Array)
#4 /Applications/MAMP/htdocs/portfolio-v2-tenancy/api-workspace/app/Exceptions/Handler.php(46): Illuminate\\Foundation\\Exceptions\\Handler->report(Object(RuntimeException))
#5 /Applications/MAMP/htdocs/portfolio-v2-tenancy/api-workspace/vendor/laravel/framework/src/Illuminate/Foundation/Bootstrap/HandleExceptions.php(92): App\\Exceptions\\Handler->report(Object(RuntimeException))
#6 [internal function]: Illuminate\\Foundation\\Bootstrap\\HandleExceptions->handleException(Object(RuntimeException))
#7 {main}
"} 
[2020-06-30 04:11:50] laravel.ERROR: No application encryption key has been specified. {"exception":"[object] (RuntimeException(code: 0): No application encryption key has been specified. at /Applications/MAMP/htdocs/portfolio-v2-tenancy/api-workspace/vendor/laravel/framework/src/Illuminate/Encryption/EncryptionServiceProvider.php:44)
[stacktrace]
#0 /Applications/MAMP/htdocs/portfolio-v2-tenancy/api-workspace/vendor/laravel/framework/src/Illuminate/Support/helpers.php(424): Illuminate\\Encryption\\EncryptionServiceProvider->Illuminate\\Encryption\\{closure}('')
#1 /Applications/MAMP/htdocs/portfolio-v2-tenancy/api-workspace/vendor/laravel/framework/src/Illuminate/Encryption/EncryptionServiceProvider.php(48): tap('', Object(Closure))
#2 /Applications/MAMP/htdocs/portfolio-v2-tenancy/api-workspace/vendor/laravel/framework/src/Illuminate/Encryption/EncryptionServiceProvider.php(24): Illuminate\\Encryption\\EncryptionServiceProvider->key(Array)
#3 /Applications/MAMP/htdocs/portfolio-v2-tenancy/api-workspace/vendor/laravel/framework/src/Illuminate/Container/Container.php(800): Illuminate\\Encryption\\EncryptionServiceProvider->Illuminate\\Encryption\\{closure}(Object(Illuminate\\Foundation\\Application), Array)
#4 /Applications/MAMP/htdocs/portfolio-v2-tenancy/api-workspace/vendor/laravel/framework/src/Illuminate/Container/Container.php(682): Illuminate\\Container\\Container->build(Object(Closure))
#5 /Applications/MAMP/htdocs/portfolio-v2-tenancy/api-workspace/vendor/laravel/framework/src/Illuminate/Container/Container.php(630): Illuminate\\Container\\Container->resolve('encrypter', Array)
#6 /Applications/MAMP/htdocs/portfolio-v2-tenancy/api-workspace/vendor/laravel/framework/src/Illuminate/Foundation/Application.php(768): Illuminate\\Container\\Container->make('encrypter', Array)
#7 /Applications/MAMP/htdocs/portfolio-v2-tenancy/api-workspace/vendor/laravel/framework/src/Illuminate/Container/Container.php(946): Illuminate\\Foundation\\Application->make('encrypter')
#8 /Applications/MAMP/htdocs/portfolio-v2-tenancy/api-workspace/vendor/laravel/framework/src/Illuminate/Container/Container.php(874): Illuminate\\Container\\Container->resolveClass(Object(ReflectionParameter))
#9 /Applications/MAMP/htdocs/portfolio-v2-tenancy/api-workspace/vendor/laravel/framework/src/Illuminate/Container/Container.php(835): Illuminate\\Container\\Container->resolveDependencies(Array)
#10 /Applications/MAMP/htdocs/portfolio-v2-tenancy/api-workspace/vendor/laravel/framework/src/Illuminate/Container/Container.php(682): Illuminate\\Container\\Container->build('App\\\\Http\\\\Middle...')
#11 /Applications/MAMP/htdocs/portfolio-v2-tenancy/api-workspace/vendor/laravel/framework/src/Illuminate/Container/Container.php(630): Illuminate\\Container\\Container->resolve('App\\\\Http\\\\Middle...', Array)
#12 /Applications/MAMP/htdocs/portfolio-v2-tenancy/api-workspace/vendor/laravel/framework/src/Illuminate/Foundation/Application.php(768): Illuminate\\Container\\Container->make('App\\\\Http\\\\Middle...', Array)
#13 /Applications/MAMP/htdocs/portfolio-v2-tenancy/api-workspace/vendor/laravel/framework/src/Illuminate/Foundation/Http/Kernel.php(215): Illuminate\\Foundation\\Application->make('App\\\\Http\\\\Middle...')
#14 /Applications/MAMP/htdocs/portfolio-v2-tenancy/api-workspace/vendor/laravel/framework/src/Illuminate/Foundation/Http/Kernel.php(189): Illuminate\\Foundation\\Http\\Kernel->terminateMiddleware(Object(Illuminate\\Http\\Request), Object(Illuminate\\Http\\JsonResponse))
#15 /Applications/MAMP/htdocs/portfolio-v2-tenancy/api-workspace/public/index.php(60): Illuminate\\Foundation\\Http\\Kernel->terminate(Object(Illuminate\\Http\\Request), Object(Illuminate\\Http\\JsonResponse))
#16 {main}
"} 
